<?xml version="1.0" encoding="UTF-8"?>
<!-- Generated by org.testng.reporters.JUnitReportReporter -->
<testsuite hostname="Sayali" failures="0" tests="1" name="qtest.qtest.TC" time="15.117" errors="0" timestamp="2023-03-29T13:30:00 IST" skipped="0">
  <testcase classname="qtest.qtest.TC" name="tc1" time="15.117"/>
  <system-out/>
</testsuite> <!-- qtest.qtest.TC -->
